kshaikh@Khalids-MacBook-12:~/projects/pingpong-master$ bundle
Fetching gem metadata from https://rubygems.org/..........
Fetching version metadata from https://rubygems.org/..
Fetching dependency metadata from https://rubygems.org/.
Using rake 10.4.2
Using i18n 0.7.0
Installing json 1.8.3 with native extensions
Using minitest 5.8.3
Using thread_safe 0.3.5
Using builder 3.2.2
Using erubis 2.7.0
Using mini_portile 0.6.2
Using rack 1.6.4
Using mime-types 2.6.2
Using arel 6.0.3
Using bcrypt 3.1.10
Using debug_inspector 0.0.2
Using byebug 8.2.0
Using coffee-script-source 1.10.0
Using execjs 2.6.0
Using thor 0.19.1
Using orm_adapter 0.5.0
Using devise-bootstrap-views 0.0.6
Using bundler 1.14.1
Using sass 3.4.19
Using tilt 2.0.1
Using spring 1.4.4
Using sqlite3 1.3.11
Gem::Ext::BuildError: ERROR: Failed to build gem native extension.

current directory:
/Users/kshaikh/.rvm/gems/ruby-2.4.0/gems/json-1.8.3/ext/json/ext/generator
/Users/kshaikh/.rvm/rubies/ruby-2.4.0/bin/ruby -r
./siteconf20170122-57427-19g1yq3.rb extconf.rb
creating Makefile

current directory:
/Users/kshaikh/.rvm/gems/ruby-2.4.0/gems/json-1.8.3/ext/json/ext/generator
make "DESTDIR=" clean

current directory:
/Users/kshaikh/.rvm/gems/ruby-2.4.0/gems/json-1.8.3/ext/json/ext/generator
make "DESTDIR="
compiling generator.c
generator.c:861:25: error: use of undeclared identifier 'rb_cFixnum'
    } else if (klass == rb_cFixnum) {
                        ^
generator.c:863:25: error: use of undeclared identifier 'rb_cBignum'
    } else if (klass == rb_cBignum) {
                        ^
generator.c:975:5: warning: division by zero is undefined [-Wdivision-by-zero]
    rb_scan_args(argc, argv, "01", &opts);
    ^~~~~~~~~~~~~~~~~~~~~~~~~~~~~~~~~~~~~
/Users/kshaikh/.rvm/rubies/ruby-2.4.0/include/ruby-2.4.0/ruby/ruby.h:2143:9:
note: expanded from macro 'rb_scan_args'
        rb_scan_args0(argc,argvp,fmt,\
        ^~~~~~~~~~~~~~~~~~~~~~~~~~~~~~
/Users/kshaikh/.rvm/rubies/ruby-2.4.0/include/ruby-2.4.0/ruby/ruby.h:2329:8:
note: expanded from macro 'rb_scan_args0'
                     rb_scan_args_verify(fmt, varc), vars)
                     ^~~~~~~~~~~~~~~~~~~~~~~~~~~~~~
/Users/kshaikh/.rvm/rubies/ruby-2.4.0/include/ruby-2.4.0/ruby/ruby.h:2201:11:
note: expanded from macro 'rb_scan_args_verify'
        verify = rb_scan_args_verify_count(fmt, varc); \
                 ^~~~~~~~~~~~~~~~~~~~~~~~~~~~~~~~~~~~
note: (skipping 4 expansions in backtrace; use -fmacro-backtrace-limit=0 to see
all)
/Users/kshaikh/.rvm/rubies/ruby-2.4.0/include/ruby-2.4.0/ruby/ruby.h:2167:6:
note: expanded from macro 'rb_scan_args_count_hash'
     rb_scan_args_count_block(fmt, ofs, varc, vari) : \
     ^~~~~~~~~~~~~~~~~~~~~~~~~~~~~~~~~~~~~~~~~~~~~~
/Users/kshaikh/.rvm/rubies/ruby-2.4.0/include/ruby-2.4.0/ruby/ruby.h:2162:6:
note: expanded from macro 'rb_scan_args_count_block'
     rb_scan_args_count_end(fmt, ofs, varc, vari) : \
     ^~~~~~~~~~~~~~~~~~~~~~~~~~~~~~~~~~~~~~~~~~~~
/Users/kshaikh/.rvm/rubies/ruby-2.4.0/include/ruby-2.4.0/ruby/ruby.h:2158:12:
note: expanded from macro 'rb_scan_args_count_end'
    ((vari)/(!fmt[ofs] || rb_scan_args_bad_format(fmt)))
           ^~~~~~~~~~~~~~~~~~~~~~~~~~~~~~~~~~~~~~~~~~~~
generator.c:975:5: warning: division by zero is undefined [-Wdivision-by-zero]
    rb_scan_args(argc, argv, "01", &opts);
    ^~~~~~~~~~~~~~~~~~~~~~~~~~~~~~~~~~~~~
/Users/kshaikh/.rvm/rubies/ruby-2.4.0/include/ruby-2.4.0/ruby/ruby.h:2143:9:
note: expanded from macro 'rb_scan_args'
        rb_scan_args0(argc,argvp,fmt,\
        ^~~~~~~~~~~~~~~~~~~~~~~~~~~~~~
/Users/kshaikh/.rvm/rubies/ruby-2.4.0/include/ruby-2.4.0/ruby/ruby.h:2329:8:
note: expanded from macro 'rb_scan_args0'
                     rb_scan_args_verify(fmt, varc), vars)
                     ^~~~~~~~~~~~~~~~~~~~~~~~~~~~~~
/Users/kshaikh/.rvm/rubies/ruby-2.4.0/include/ruby-2.4.0/ruby/ruby.h:2201:11:
note: expanded from macro 'rb_scan_args_verify'
        verify = rb_scan_args_verify_count(fmt, varc); \
                 ^~~~~~~~~~~~~~~~~~~~~~~~~~~~~~~~~~~~
note: (skipping 4 expansions in backtrace; use -fmacro-backtrace-limit=0 to see
all)
/Users/kshaikh/.rvm/rubies/ruby-2.4.0/include/ruby-2.4.0/ruby/ruby.h:2167:6:
note: expanded from macro 'rb_scan_args_count_hash'
     rb_scan_args_count_block(fmt, ofs, varc, vari) : \
     ^~~~~~~~~~~~~~~~~~~~~~~~~~~~~~~~~~~~~~~~~~~~~~
/Users/kshaikh/.rvm/rubies/ruby-2.4.0/include/ruby-2.4.0/ruby/ruby.h:2163:6:
note: expanded from macro 'rb_scan_args_count_block'
     rb_scan_args_count_end(fmt, ofs+1, varc, vari+1))
     ^~~~~~~~~~~~~~~~~~~~~~~~~~~~~~~~~~~~~~~~~~~~~~~~
/Users/kshaikh/.rvm/rubies/ruby-2.4.0/include/ruby-2.4.0/ruby/ruby.h:2158:12:
note: expanded from macro 'rb_scan_args_count_end'
    ((vari)/(!fmt[ofs] || rb_scan_args_bad_format(fmt)))
           ^~~~~~~~~~~~~~~~~~~~~~~~~~~~~~~~~~~~~~~~~~~~
generator.c:975:5: warning: division by zero is undefined [-Wdivision-by-zero]
    rb_scan_args(argc, argv, "01", &opts);
    ^~~~~~~~~~~~~~~~~~~~~~~~~~~~~~~~~~~~~
/Users/kshaikh/.rvm/rubies/ruby-2.4.0/include/ruby-2.4.0/ruby/ruby.h:2143:9:
note: expanded from macro 'rb_scan_args'
        rb_scan_args0(argc,argvp,fmt,\
        ^~~~~~~~~~~~~~~~~~~~~~~~~~~~~~
/Users/kshaikh/.rvm/rubies/ruby-2.4.0/include/ruby-2.4.0/ruby/ruby.h:2329:8:
note: expanded from macro 'rb_scan_args0'
                     rb_scan_args_verify(fmt, varc), vars)
                     ^~~~~~~~~~~~~~~~~~~~~~~~~~~~~~
/Users/kshaikh/.rvm/rubies/ruby-2.4.0/include/ruby-2.4.0/ruby/ruby.h:2201:11:
note: expanded from macro 'rb_scan_args_verify'
        verify = rb_scan_args_verify_count(fmt, varc); \
                 ^~~~~~~~~~~~~~~~~~~~~~~~~~~~~~~~~~~~
note: (skipping 4 expansions in backtrace; use -fmacro-backtrace-limit=0 to see
all)
/Users/kshaikh/.rvm/rubies/ruby-2.4.0/include/ruby-2.4.0/ruby/ruby.h:2168:6:
note: expanded from macro 'rb_scan_args_count_hash'
     rb_scan_args_count_block(fmt, ofs+1, varc, vari+1))
     ^~~~~~~~~~~~~~~~~~~~~~~~~~~~~~~~~~~~~~~~~~~~~~~~~~
/Users/kshaikh/.rvm/rubies/ruby-2.4.0/include/ruby-2.4.0/ruby/ruby.h:2162:6:
note: expanded from macro 'rb_scan_args_count_block'
     rb_scan_args_count_end(fmt, ofs, varc, vari) : \
     ^~~~~~~~~~~~~~~~~~~~~~~~~~~~~~~~~~~~~~~~~~~~
/Users/kshaikh/.rvm/rubies/ruby-2.4.0/include/ruby-2.4.0/ruby/ruby.h:2158:12:
note: expanded from macro 'rb_scan_args_count_end'
    ((vari)/(!fmt[ofs] || rb_scan_args_bad_format(fmt)))
           ^~~~~~~~~~~~~~~~~~~~~~~~~~~~~~~~~~~~~~~~~~~~
generator.c:975:5: warning: division by zero is undefined [-Wdivision-by-zero]
    rb_scan_args(argc, argv, "01", &opts);
    ^~~~~~~~~~~~~~~~~~~~~~~~~~~~~~~~~~~~~
/Users/kshaikh/.rvm/rubies/ruby-2.4.0/include/ruby-2.4.0/ruby/ruby.h:2143:9:
note: expanded from macro 'rb_scan_args'
        rb_scan_args0(argc,argvp,fmt,\
        ^~~~~~~~~~~~~~~~~~~~~~~~~~~~~~
/Users/kshaikh/.rvm/rubies/ruby-2.4.0/include/ruby-2.4.0/ruby/ruby.h:2329:8:
note: expanded from macro 'rb_scan_args0'
                     rb_scan_args_verify(fmt, varc), vars)
                     ^~~~~~~~~~~~~~~~~~~~~~~~~~~~~~
/Users/kshaikh/.rvm/rubies/ruby-2.4.0/include/ruby-2.4.0/ruby/ruby.h:2201:11:
note: expanded from macro 'rb_scan_args_verify'
        verify = rb_scan_args_verify_count(fmt, varc); \
                 ^~~~~~~~~~~~~~~~~~~~~~~~~~~~~~~~~~~~
note: (skipping 4 expansions in backtrace; use -fmacro-backtrace-limit=0 to see
all)
/Users/kshaikh/.rvm/rubies/ruby-2.4.0/include/ruby-2.4.0/ruby/ruby.h:2167:6:
note: expanded from macro 'rb_scan_args_count_hash'
     rb_scan_args_count_block(fmt, ofs, varc, vari) : \
     ^~~~~~~~~~~~~~~~~~~~~~~~~~~~~~~~~~~~~~~~~~~~~~
/Users/kshaikh/.rvm/rubies/ruby-2.4.0/include/ruby-2.4.0/ruby/ruby.h:2162:6:
note: expanded from macro 'rb_scan_args_count_block'
     rb_scan_args_count_end(fmt, ofs, varc, vari) : \
     ^~~~~~~~~~~~~~~~~~~~~~~~~~~~~~~~~~~~~~~~~~~~
/Users/kshaikh/.rvm/rubies/ruby-2.4.0/include/ruby-2.4.0/ruby/ruby.h:2158:12:
note: expanded from macro 'rb_scan_args_count_end'
    ((vari)/(!fmt[ofs] || rb_scan_args_bad_format(fmt)))
           ^~~~~~~~~~~~~~~~~~~~~~~~~~~~~~~~~~~~~~~~~~~~
generator.c:975:5: warning: division by zero is undefined [-Wdivision-by-zero]
    rb_scan_args(argc, argv, "01", &opts);
    ^~~~~~~~~~~~~~~~~~~~~~~~~~~~~~~~~~~~~
/Users/kshaikh/.rvm/rubies/ruby-2.4.0/include/ruby-2.4.0/ruby/ruby.h:2143:9:
note: expanded from macro 'rb_scan_args'
        rb_scan_args0(argc,argvp,fmt,\
        ^~~~~~~~~~~~~~~~~~~~~~~~~~~~~~
/Users/kshaikh/.rvm/rubies/ruby-2.4.0/include/ruby-2.4.0/ruby/ruby.h:2329:8:
note: expanded from macro 'rb_scan_args0'
                     rb_scan_args_verify(fmt, varc), vars)
                     ^~~~~~~~~~~~~~~~~~~~~~~~~~~~~~
/Users/kshaikh/.rvm/rubies/ruby-2.4.0/include/ruby-2.4.0/ruby/ruby.h:2201:11:
note: expanded from macro 'rb_scan_args_verify'
        verify = rb_scan_args_verify_count(fmt, varc); \
                 ^~~~~~~~~~~~~~~~~~~~~~~~~~~~~~~~~~~~
note: (skipping 4 expansions in backtrace; use -fmacro-backtrace-limit=0 to see
all)
/Users/kshaikh/.rvm/rubies/ruby-2.4.0/include/ruby-2.4.0/ruby/ruby.h:2167:6:
note: expanded from macro 'rb_scan_args_count_hash'
     rb_scan_args_count_block(fmt, ofs, varc, vari) : \
     ^~~~~~~~~~~~~~~~~~~~~~~~~~~~~~~~~~~~~~~~~~~~~~
/Users/kshaikh/.rvm/rubies/ruby-2.4.0/include/ruby-2.4.0/ruby/ruby.h:2162:6:
note: expanded from macro 'rb_scan_args_count_block'
     rb_scan_args_count_end(fmt, ofs, varc, vari) : \
     ^~~~~~~~~~~~~~~~~~~~~~~~~~~~~~~~~~~~~~~~~~~~
/Users/kshaikh/.rvm/rubies/ruby-2.4.0/include/ruby-2.4.0/ruby/ruby.h:2158:12:
note: expanded from macro 'rb_scan_args_count_end'
    ((vari)/(!fmt[ofs] || rb_scan_args_bad_format(fmt)))
           ^~~~~~~~~~~~~~~~~~~~~~~~~~~~~~~~~~~~~~~~~~~~
generator.c:975:5: warning: division by zero is undefined [-Wdivision-by-zero]
    rb_scan_args(argc, argv, "01", &opts);
    ^~~~~~~~~~~~~~~~~~~~~~~~~~~~~~~~~~~~~
/Users/kshaikh/.rvm/rubies/ruby-2.4.0/include/ruby-2.4.0/ruby/ruby.h:2143:9:
note: expanded from macro 'rb_scan_args'
        rb_scan_args0(argc,argvp,fmt,\
        ^~~~~~~~~~~~~~~~~~~~~~~~~~~~~~
/Users/kshaikh/.rvm/rubies/ruby-2.4.0/include/ruby-2.4.0/ruby/ruby.h:2329:8:
note: expanded from macro 'rb_scan_args0'
                     rb_scan_args_verify(fmt, varc), vars)
                     ^~~~~~~~~~~~~~~~~~~~~~~~~~~~~~
/Users/kshaikh/.rvm/rubies/ruby-2.4.0/include/ruby-2.4.0/ruby/ruby.h:2201:11:
note: expanded from macro 'rb_scan_args_verify'
        verify = rb_scan_args_verify_count(fmt, varc); \
                 ^~~~~~~~~~~~~~~~~~~~~~~~~~~~~~~~~~~~
note: (skipping 5 expansions in backtrace; use -fmacro-backtrace-limit=0 to see
all)
/Users/kshaikh/.rvm/rubies/ruby-2.4.0/include/ruby-2.4.0/ruby/ruby.h:2167:6:
note: expanded from macro 'rb_scan_args_count_hash'
     rb_scan_args_count_block(fmt, ofs, varc, vari) : \
     ^~~~~~~~~~~~~~~~~~~~~~~~~~~~~~~~~~~~~~~~~~~~~~
/Users/kshaikh/.rvm/rubies/ruby-2.4.0/include/ruby-2.4.0/ruby/ruby.h:2162:6:
note: expanded from macro 'rb_scan_args_count_block'
     rb_scan_args_count_end(fmt, ofs, varc, vari) : \
     ^~~~~~~~~~~~~~~~~~~~~~~~~~~~~~~~~~~~~~~~~~~~
/Users/kshaikh/.rvm/rubies/ruby-2.4.0/include/ruby-2.4.0/ruby/ruby.h:2158:12:
note: expanded from macro 'rb_scan_args_count_end'
    ((vari)/(!fmt[ofs] || rb_scan_args_bad_format(fmt)))
           ^~~~~~~~~~~~~~~~~~~~~~~~~~~~~~~~~~~~~~~~~~~~
6 warnings and 2 errors generated.
make: *** [generator.o] Error 1

make failed, exit code 2

Gem files will remain installed in
/Users/kshaikh/.rvm/gems/ruby-2.4.0/gems/json-1.8.3 for inspection.
Results logged to
/Users/kshaikh/.rvm/gems/ruby-2.4.0/extensions/x86_64-darwin-16/2.4.0/json-1.8.3/gem_make.out

An error occurred while installing json (1.8.3), and Bundler cannot
continue.
Make sure that `gem install json -v '1.8.3'` succeeds before bundling.
kshaikh@Khalids-MacBook-12:~/projects/pingpong-master$ 

